# JRE version: Java(TM) SE Runtime Environment (8.0_111-b14) (build 1.8.0_111-b14)
# Java VM: Java HotSpot(TM) 64-Bit Server VM (25.111-b14 mixed mode windows-amd64 compressed oops)
Heap:
 PSYoungGen      total 228864K, used 106769K [0x00000000d5f00000, 0x00000000e7e80000, 0x0000000100000000)
  eden space 214528K, 49% used [0x00000000d5f00000,0x00000000dc744798,0x00000000e3080000)
  from space 14336K, 0% used [0x00000000e3080000,0x00000000e3080000,0x00000000e3e80000)
  to   space 19456K, 0% used [0x00000000e6b80000,0x00000000e6b80000,0x00000000e7e80000)
 ParOldGen       total 89600K, used 35713K [0x0000000081c00000, 0x0000000087380000, 0x00000000d5f00000)
  object space 89600K, 39% used [0x0000000081c00000,0x0000000083ee0638,0x0000000087380000)
 Metaspace       used 59336K, capacity 62353K, committed 62464K, reserved 1103872K
  class space    used 7889K, capacity 8396K, committed 8448K, reserved 1048576K
GC Heap History (10 events):
Event: 5.800 GC heap before
{Heap before GC invocations=10 (full 1):
 PSYoungGen      total 173568K, used 41790K [0x00000000d5f00000, 0x00000000e3900000, 0x0000000100000000)
  eden space 165376K, 20% used [0x00000000d5f00000,0x00000000d7fd01e8,0x00000000e0080000)
  from space 8192K, 99% used [0x00000000e0b00000,0x00000000e12ff6d0,0x00000000e1300000)
  to   space 10752K, 0% used [0x00000000e0080000,0x00000000e0080000,0x00000000e0b00000)
 ParOldGen       total 55808K, used 10722K [0x0000000081c00000, 0x0000000085280000, 0x00000000d5f00000)
  object space 55808K, 19% used [0x0000000081c00000,0x00000000826788a8,0x0000000085280000)
 Metaspace       used 33407K, capacity 35326K, committed 35416K, reserved 1079296K
  class space    used 4429K, capacity 4824K, committed 4864K, reserved 1048576K
Event: 5.811 GC heap after
Heap after GC invocations=10 (full 1):
 PSYoungGen      total 176128K, used 7254K [0x00000000d5f00000, 0x00000000e4c80000, 0x0000000100000000)
  eden space 165376K, 0% used [0x00000000d5f00000,0x00000000d5f00000,0x00000000e0080000)
  from space 10752K, 67% used [0x00000000e0080000,0x00000000e0795ac0,0x00000000e0b00000)
  to   space 10240K, 0% used [0x00000000e4280000,0x00000000e4280000,0x00000000e4c80000)
 ParOldGen       total 55808K, used 12773K [0x0000000081c00000, 0x0000000085280000, 0x00000000d5f00000)
  object space 55808K, 22% used [0x0000000081c00000,0x0000000082879708,0x0000000085280000)
 Metaspace       used 33407K, capacity 35326K, committed 35416K, reserved 1079296K
  class space    used 4429K, capacity 4824K, committed 4864K, reserved 1048576K
}
Event: 5.811 GC heap before
{Heap before GC invocations=11 (full 2):
 PSYoungGen      total 176128K, used 7254K [0x00000000d5f00000, 0x00000000e4c80000, 0x0000000100000000)
  eden space 165376K, 0% used [0x00000000d5f00000,0x00000000d5f00000,0x00000000e0080000)
  from space 10752K, 67% used [0x00000000e0080000,0x00000000e0795ac0,0x00000000e0b00000)
  to   space 10240K, 0% used [0x00000000e4280000,0x00000000e4280000,0x00000000e4c80000)
 ParOldGen       total 55808K, used 12773K [0x0000000081c00000, 0x0000000085280000, 0x00000000d5f00000)
  object space 55808K, 22% used [0x0000000081c00000,0x0000000082879708,0x0000000085280000)
 Metaspace       used 33407K, capacity 35326K, committed 35416K, reserved 1079296K
  class space    used 4429K, capacity 4824K, committed 4864K, reserved 1048576K
Event: 5.914 GC heap after
Heap after GC invocations=11 (full 2):
 PSYoungGen      total 176128K, used 0K [0x00000000d5f00000, 0x00000000e4c80000, 0x0000000100000000)
  eden space 165376K, 0% used [0x00000000d5f00000,0x00000000d5f00000,0x00000000e0080000)
  from space 10752K, 0% used [0x00000000e0080000,0x00000000e0080000,0x00000000e0b00000)
  to   space 10240K, 0% used [0x00000000e4280000,0x00000000e4280000,0x00000000e4c80000)
 ParOldGen       total 89600K, used 14066K [0x0000000081c00000, 0x0000000087380000, 0x00000000d5f00000)
  object space 89600K, 15% used [0x0000000081c00000,0x00000000829bca78,0x0000000087380000)
 Metaspace       used 33407K, capacity 35326K, committed 35416K, reserved 1079296K
  class space    used 4429K, capacity 4824K, committed 4864K, reserved 1048576K
}
Event: 9.878 GC heap before
{Heap before GC invocations=12 (full 2):
 PSYoungGen      total 176128K, used 165376K [0x00000000d5f00000, 0x00000000e4c80000, 0x0000000100000000)
  eden space 165376K, 100% used [0x00000000d5f00000,0x00000000e0080000,0x00000000e0080000)
  from space 10752K, 0% used [0x00000000e0080000,0x00000000e0080000,0x00000000e0b00000)
  to   space 10240K, 0% used [0x00000000e4280000,0x00000000e4280000,0x00000000e4c80000)
 ParOldGen       total 89600K, used 14066K [0x0000000081c00000, 0x0000000087380000, 0x00000000d5f00000)
  object space 89600K, 15% used [0x0000000081c00000,0x00000000829bca78,0x0000000087380000)
 Metaspace       used 49509K, capacity 51748K, committed 51968K, reserved 1093632K
  class space    used 6714K, capacity 7145K, committed 7168K, reserved 1048576K
Event: 9.908 GC heap after
Heap after GC invocations=12 (full 2):
 PSYoungGen      total 216576K, used 10210K [0x00000000d5f00000, 0x00000000e4c80000, 0x0000000100000000)
  eden space 206336K, 0% used [0x00000000d5f00000,0x00000000d5f00000,0x00000000e2880000)
  from space 10240K, 99% used [0x00000000e4280000,0x00000000e4c789f0,0x00000000e4c80000)
  to   space 14336K, 0% used [0x00000000e3080000,0x00000000e3080000,0x00000000e3e80000)
 ParOldGen       total 89600K, used 22535K [0x0000000081c00000, 0x0000000087380000, 0x00000000d5f00000)
  object space 89600K, 25% used [0x0000000081c00000,0x0000000083201f20,0x0000000087380000)
 Metaspace       used 49509K, capacity 51748K, committed 51968K, reserved 1093632K
  class space    used 6714K, capacity 7145K, committed 7168K, reserved 1048576K
}
Event: 12.170 GC heap before
{Heap before GC invocations=13 (full 2):
 PSYoungGen      total 216576K, used 191223K [0x00000000d5f00000, 0x00000000e4c80000, 0x0000000100000000)
  eden space 206336K, 87% used [0x00000000d5f00000,0x00000000e0fc5350,0x00000000e2880000)
  from space 10240K, 99% used [0x00000000e4280000,0x00000000e4c789f0,0x00000000e4c80000)
  to   space 14336K, 0% used [0x00000000e3080000,0x00000000e3080000,0x00000000e3e80000)
 ParOldGen       total 89600K, used 22535K [0x0000000081c00000, 0x0000000087380000, 0x00000000d5f00000)
  object space 89600K, 25% used [0x0000000081c00000,0x0000000083201f20,0x0000000087380000)
 Metaspace       used 56498K, capacity 58959K, committed 59028K, reserved 1099776K
  class space    used 7485K, capacity 7936K, committed 7936K, reserved 1048576K
Event: 12.196 GC heap after
Heap after GC invocations=13 (full 2):
 PSYoungGen      total 228864K, used 14316K [0x00000000d5f00000, 0x00000000e7e80000, 0x0000000100000000)
  eden space 214528K, 0% used [0x00000000d5f00000,0x00000000d5f00000,0x00000000e3080000)
  from space 14336K, 99% used [0x00000000e3080000,0x00000000e3e7b090,0x00000000e3e80000)
  to   space 19456K, 0% used [0x00000000e6b80000,0x00000000e6b80000,0x00000000e7e80000)
 ParOldGen       total 89600K, used 31229K [0x0000000081c00000, 0x0000000087380000, 0x00000000d5f00000)
  object space 89600K, 34% used [0x0000000081c00000,0x0000000083a7f580,0x0000000087380000)
 Metaspace       used 56498K, capacity 58959K, committed 59028K, reserved 1099776K
  class space    used 7485K, capacity 7936K, committed 7936K, reserved 1048576K
}
Event: 12.196 GC heap before
{Heap before GC invocations=14 (full 3):
 PSYoungGen      total 228864K, used 14316K [0x00000000d5f00000, 0x00000000e7e80000, 0x0000000100000000)
  eden space 214528K, 0% used [0x00000000d5f00000,0x00000000d5f00000,0x00000000e3080000)
  from space 14336K, 99% used [0x00000000e3080000,0x00000000e3e7b090,0x00000000e3e80000)
  to   space 19456K, 0% used [0x00000000e6b80000,0x00000000e6b80000,0x00000000e7e80000)
 ParOldGen       total 89600K, used 31229K [0x0000000081c00000, 0x0000000087380000, 0x00000000d5f00000)
  object space 89600K, 34% used [0x0000000081c00000,0x0000000083a7f580,0x0000000087380000)
 Metaspace       used 56498K, capacity 58959K, committed 59028K, reserved 1099776K
  class space    used 7485K, capacity 7936K, committed 7936K, reserved 1048576K
Event: 12.547 GC heap after
Heap after GC invocations=14 (full 3):
 PSYoungGen      total 228864K, used 0K [0x00000000d5f00000, 0x00000000e7e80000, 0x0000000100000000)
  eden space 214528K, 0% used [0x00000000d5f00000,0x00000000d5f00000,0x00000000e3080000)
  from space 14336K, 0% used [0x00000000e3080000,0x00000000e3080000,0x00000000e3e80000)
  to   space 19456K, 0% used [0x00000000e6b80000,0x00000000e6b80000,0x00000000e7e80000)
 ParOldGen       total 89600K, used 35713K [0x0000000081c00000, 0x0000000087380000, 0x00000000d5f00000)
  object space 89600K, 39% used [0x0000000081c00000,0x0000000083ee0638,0x0000000087380000)
 Metaspace       used 56498K, capacity 58959K, committed 59028K, reserved 1099776K
  class space    used 7485K, capacity 7936K, committed 7936K, reserved 1048576K
}

