# JRE version: Java(TM) SE Runtime Environment (8.0_202-b08) (build 1.8.0_202-b08)
# Java VM: Java HotSpot(TM) 64-Bit Server VM (25.202-b08 mixed mode windows-amd64 compressed oops)
Heap:
 PSYoungGen      total 208896K, used 72998K [0x000000076ba00000, 0x000000077fc80000, 0x00000007c0000000)
  eden space 194560K, 37% used [0x000000076ba00000,0x0000000770149ab0,0x0000000777800000)
  from space 14336K, 0% used [0x0000000777800000,0x0000000777800000,0x0000000778600000)
  to   space 14848K, 0% used [0x000000077ee00000,0x000000077ee00000,0x000000077fc80000)
 ParOldGen       total 147456K, used 16464K [0x00000006c2e00000, 0x00000006cbe00000, 0x000000076ba00000)
  object space 147456K, 11% used [0x00000006c2e00000,0x00000006c3e140c8,0x00000006cbe00000)
 Metaspace       used 35027K, capacity 36910K, committed 37032K, reserved 1081344K
  class space    used 4519K, capacity 4826K, committed 4912K, reserved 1048576K
GC Heap History (10 events):
Event: 1.194 GC heap before
{Heap before GC invocations=5 (full 1):
 PSYoungGen      total 140800K, used 6239K [0x000000076ba00000, 0x0000000774e00000, 0x00000007c0000000)
  eden space 130048K, 0% used [0x000000076ba00000,0x000000076ba00000,0x0000000773900000)
  from space 10752K, 58% used [0x0000000774380000,0x0000000774997c60,0x0000000774e00000)
  to   space 10752K, 0% used [0x0000000773900000,0x0000000773900000,0x0000000774380000)
 ParOldGen       total 173568K, used 40K [0x00000006c2e00000, 0x00000006cd780000, 0x000000076ba00000)
  object space 173568K, 0% used [0x00000006c2e00000,0x00000006c2e0a000,0x00000006cd780000)
 Metaspace       used 20593K, capacity 21264K, committed 21296K, reserved 1067008K
  class space    used 2665K, capacity 2856K, committed 2864K, reserved 1048576K
Event: 1.221 GC heap after
Heap after GC invocations=5 (full 1):
 PSYoungGen      total 140800K, used 0K [0x000000076ba00000, 0x0000000774e00000, 0x00000007c0000000)
  eden space 130048K, 0% used [0x000000076ba00000,0x000000076ba00000,0x0000000773900000)
  from space 10752K, 0% used [0x0000000774380000,0x0000000774380000,0x0000000774e00000)
  to   space 10752K, 0% used [0x0000000773900000,0x0000000773900000,0x0000000774380000)
 ParOldGen       total 97280K, used 6075K [0x00000006c2e00000, 0x00000006c8d00000, 0x000000076ba00000)
  object space 97280K, 6% used [0x00000006c2e00000,0x00000006c33eee90,0x00000006c8d00000)
 Metaspace       used 20591K, capacity 21258K, committed 21296K, reserved 1067008K
  class space    used 2665K, capacity 2855K, committed 2864K, reserved 1048576K
}
Event: 2.074 GC heap before
{Heap before GC invocations=6 (full 1):
 PSYoungGen      total 140800K, used 130048K [0x000000076ba00000, 0x0000000774e00000, 0x00000007c0000000)
  eden space 130048K, 100% used [0x000000076ba00000,0x0000000773900000,0x0000000773900000)
  from space 10752K, 0% used [0x0000000774380000,0x0000000774380000,0x0000000774e00000)
  to   space 10752K, 0% used [0x0000000773900000,0x0000000773900000,0x0000000774380000)
 ParOldGen       total 97280K, used 6075K [0x00000006c2e00000, 0x00000006c8d00000, 0x000000076ba00000)
  object space 97280K, 6% used [0x00000006c2e00000,0x00000006c33eee90,0x00000006c8d00000)
 Metaspace       used 24161K, capacity 25124K, committed 25392K, reserved 1071104K
  class space    used 3091K, capacity 3333K, committed 3376K, reserved 1048576K
Event: 2.079 GC heap after
Heap after GC invocations=6 (full 1):
 PSYoungGen      total 140800K, used 7038K [0x000000076ba00000, 0x0000000779400000, 0x00000007c0000000)
  eden space 130048K, 0% used [0x000000076ba00000,0x000000076ba00000,0x0000000773900000)
  from space 10752K, 65% used [0x0000000773900000,0x0000000773fdfa30,0x0000000774380000)
  to   space 11264K, 0% used [0x0000000778900000,0x0000000778900000,0x0000000779400000)
 ParOldGen       total 97280K, used 6083K [0x00000006c2e00000, 0x00000006c8d00000, 0x000000076ba00000)
  object space 97280K, 6% used [0x00000006c2e00000,0x00000006c33f0e90,0x00000006c8d00000)
 Metaspace       used 24161K, capacity 25124K, committed 25392K, reserved 1071104K
  class space    used 3091K, capacity 3333K, committed 3376K, reserved 1048576K
}
Event: 3.632 GC heap before
{Heap before GC invocations=7 (full 1):
 PSYoungGen      total 140800K, used 137086K [0x000000076ba00000, 0x0000000779400000, 0x00000007c0000000)
  eden space 130048K, 100% used [0x000000076ba00000,0x0000000773900000,0x0000000773900000)
  from space 10752K, 65% used [0x0000000773900000,0x0000000773fdfa30,0x0000000774380000)
  to   space 11264K, 0% used [0x0000000778900000,0x0000000778900000,0x0000000779400000)
 ParOldGen       total 97280K, used 6083K [0x00000006c2e00000, 0x00000006c8d00000, 0x000000076ba00000)
  object space 97280K, 6% used [0x00000006c2e00000,0x00000006c33f0e90,0x00000006c8d00000)
 Metaspace       used 31996K, capacity 33806K, committed 33968K, reserved 1079296K
  class space    used 4172K, capacity 4508K, committed 4528K, reserved 1048576K
Event: 3.641 GC heap after
Heap after GC invocations=7 (full 1):
 PSYoungGen      total 204800K, used 11255K [0x000000076ba00000, 0x0000000779400000, 0x00000007c0000000)
  eden space 193536K, 0% used [0x000000076ba00000,0x000000076ba00000,0x0000000777700000)
  from space 11264K, 99% used [0x0000000778900000,0x00000007793fdc90,0x0000000779400000)
  to   space 14336K, 0% used [0x0000000777800000,0x0000000777800000,0x0000000778600000)
 ParOldGen       total 97280K, used 8302K [0x00000006c2e00000, 0x00000006c8d00000, 0x000000076ba00000)
  object space 97280K, 8% used [0x00000006c2e00000,0x00000006c361b998,0x00000006c8d00000)
 Metaspace       used 31996K, capacity 33806K, committed 33968K, reserved 1079296K
  class space    used 4172K, capacity 4508K, committed 4528K, reserved 1048576K
}
Event: 3.853 GC heap before
{Heap before GC invocations=8 (full 1):
 PSYoungGen      total 204800K, used 87221K [0x000000076ba00000, 0x0000000779400000, 0x00000007c0000000)
  eden space 193536K, 39% used [0x000000076ba00000,0x000000077042fa68,0x0000000777700000)
  from space 11264K, 99% used [0x0000000778900000,0x00000007793fdc90,0x0000000779400000)
  to   space 14336K, 0% used [0x0000000777800000,0x0000000777800000,0x0000000778600000)
 ParOldGen       total 97280K, used 8302K [0x00000006c2e00000, 0x00000006c8d00000, 0x000000076ba00000)
  object space 97280K, 8% used [0x00000006c2e00000,0x00000006c361b998,0x00000006c8d00000)
 Metaspace       used 33546K, capacity 35378K, committed 35496K, reserved 1081344K
  class space    used 4334K, capacity 4642K, committed 4656K, reserved 1048576K
Event: 3.863 GC heap after
Heap after GC invocations=8 (full 1):
 PSYoungGen      total 208896K, used 11871K [0x000000076ba00000, 0x000000077fc80000, 0x00000007c0000000)
  eden space 194560K, 0% used [0x000000076ba00000,0x000000076ba00000,0x0000000777800000)
  from space 14336K, 82% used [0x0000000777800000,0x0000000778397c90,0x0000000778600000)
  to   space 14848K, 0% used [0x000000077ee00000,0x000000077ee00000,0x000000077fc80000)
 ParOldGen       total 97280K, used 8310K [0x00000006c2e00000, 0x00000006c8d00000, 0x000000076ba00000)
  object space 97280K, 8% used [0x00000006c2e00000,0x00000006c361d998,0x00000006c8d00000)
 Metaspace       used 33546K, capacity 35378K, committed 35496K, reserved 1081344K
  class space    used 4334K, capacity 4642K, committed 4656K, reserved 1048576K
}
Event: 3.863 GC heap before
{Heap before GC invocations=9 (full 2):
 PSYoungGen      total 208896K, used 11871K [0x000000076ba00000, 0x000000077fc80000, 0x00000007c0000000)
  eden space 194560K, 0% used [0x000000076ba00000,0x000000076ba00000,0x0000000777800000)
  from space 14336K, 82% used [0x0000000777800000,0x0000000778397c90,0x0000000778600000)
  to   space 14848K, 0% used [0x000000077ee00000,0x000000077ee00000,0x000000077fc80000)
 ParOldGen       total 97280K, used 8310K [0x00000006c2e00000, 0x00000006c8d00000, 0x000000076ba00000)
  object space 97280K, 8% used [0x00000006c2e00000,0x00000006c361d998,0x00000006c8d00000)
 Metaspace       used 33546K, capacity 35378K, committed 35496K, reserved 1081344K
  class space    used 4334K, capacity 4642K, committed 4656K, reserved 1048576K
Event: 3.910 GC heap after
Heap after GC invocations=9 (full 2):
 PSYoungGen      total 208896K, used 0K [0x000000076ba00000, 0x000000077fc80000, 0x00000007c0000000)
  eden space 194560K, 0% used [0x000000076ba00000,0x000000076ba00000,0x0000000777800000)
  from space 14336K, 0% used [0x0000000777800000,0x0000000777800000,0x0000000778600000)
  to   space 14848K, 0% used [0x000000077ee00000,0x000000077ee00000,0x000000077fc80000)
 ParOldGen       total 147456K, used 16464K [0x00000006c2e00000, 0x00000006cbe00000, 0x000000076ba00000)
  object space 147456K, 11% used [0x00000006c2e00000,0x00000006c3e140c8,0x00000006cbe00000)
 Metaspace       used 33546K, capacity 35378K, committed 35496K, reserved 1081344K
  class space    used 4334K, capacity 4642K, committed 4656K, reserved 1048576K
}

