# JRE version: Java(TM) SE Runtime Environment (8.0_202-b08) (build 1.8.0_202-b08)
# Java VM: Java HotSpot(TM) 64-Bit Server VM (25.202-b08 mixed mode windows-amd64 compressed oops)
Heap:
 PSYoungGen      total 444416K, used 330340K [0x000000076ba00000, 0x000000078a700000, 0x00000007c0000000)
  eden space 416768K, 78% used [0x000000076ba00000,0x000000077f91be98,0x0000000785100000)
  from space 27648K, 12% used [0x0000000785100000,0x000000078547d2a8,0x0000000786c00000)
  to   space 27648K, 0% used [0x0000000788c00000,0x0000000788c00000,0x000000078a700000)
 ParOldGen       total 202752K, used 56811K [0x00000006c2e00000, 0x00000006cf400000, 0x000000076ba00000)
  object space 202752K, 28% used [0x00000006c2e00000,0x00000006c657aee0,0x00000006cf400000)
 Metaspace       used 76911K, capacity 80745K, committed 80920K, reserved 1120256K
  class space    used 9789K, capacity 10418K, committed 10536K, reserved 1048576K
GC Heap History (10 events):
Event: 4.941 GC heap before
{Heap before GC invocations=10 (full 2):
 PSYoungGen      total 220672K, used 206336K [0x000000076ba00000, 0x0000000781b00000, 0x00000007c0000000)
  eden space 206336K, 100% used [0x000000076ba00000,0x0000000778380000,0x0000000778380000)
  from space 14336K, 0% used [0x0000000778380000,0x0000000778380000,0x0000000779180000)
  to   space 15360K, 0% used [0x0000000780c00000,0x0000000780c00000,0x0000000781b00000)
 ParOldGen       total 137728K, used 16460K [0x00000006c2e00000, 0x00000006cb480000, 0x000000076ba00000)
  object space 137728K, 11% used [0x00000006c2e00000,0x00000006c3e13060,0x00000006cb480000)
 Metaspace       used 51575K, capacity 53799K, committed 54056K, reserved 1095680K
  class space    used 6939K, capacity 7341K, committed 7464K, reserved 1048576K
Event: 4.955 GC heap after
Heap after GC invocations=10 (full 2):
 PSYoungGen      total 338432K, used 15358K [0x000000076ba00000, 0x0000000781b80000, 0x00000007c0000000)
  eden space 323072K, 0% used [0x000000076ba00000,0x000000076ba00000,0x000000077f580000)
  from space 15360K, 99% used [0x0000000780c00000,0x0000000781aff9c8,0x0000000781b00000)
  to   space 19456K, 0% used [0x000000077f580000,0x000000077f580000,0x0000000780880000)
 ParOldGen       total 137728K, used 21655K [0x00000006c2e00000, 0x00000006cb480000, 0x000000076ba00000)
  object space 137728K, 15% used [0x00000006c2e00000,0x00000006c4325d30,0x00000006cb480000)
 Metaspace       used 51575K, capacity 53799K, committed 54056K, reserved 1095680K
  class space    used 6939K, capacity 7341K, committed 7464K, reserved 1048576K
}
Event: 6.082 GC heap before
{Heap before GC invocations=11 (full 2):
 PSYoungGen      total 338432K, used 159185K [0x000000076ba00000, 0x0000000781b80000, 0x00000007c0000000)
  eden space 323072K, 44% used [0x000000076ba00000,0x0000000774674ca8,0x000000077f580000)
  from space 15360K, 99% used [0x0000000780c00000,0x0000000781aff9c8,0x0000000781b00000)
  to   space 19456K, 0% used [0x000000077f580000,0x000000077f580000,0x0000000780880000)
 ParOldGen       total 137728K, used 21655K [0x00000006c2e00000, 0x00000006cb480000, 0x000000076ba00000)
  object space 137728K, 15% used [0x00000006c2e00000,0x00000006c4325d30,0x00000006cb480000)
 Metaspace       used 56757K, capacity 59015K, committed 59160K, reserved 1099776K
  class space    used 7459K, capacity 7861K, committed 7976K, reserved 1048576K
Event: 6.097 GC heap after
Heap after GC invocations=11 (full 2):
 PSYoungGen      total 342528K, used 19447K [0x000000076ba00000, 0x0000000788700000, 0x00000007c0000000)
  eden space 323072K, 0% used [0x000000076ba00000,0x000000076ba00000,0x000000077f580000)
  from space 19456K, 99% used [0x000000077f580000,0x000000078087dda0,0x0000000780880000)
  to   space 22528K, 0% used [0x0000000787100000,0x0000000787100000,0x0000000788700000)
 ParOldGen       total 137728K, used 22327K [0x00000006c2e00000, 0x00000006cb480000, 0x000000076ba00000)
  object space 137728K, 16% used [0x00000006c2e00000,0x00000006c43cdea0,0x00000006cb480000)
 Metaspace       used 56757K, capacity 59015K, committed 59160K, reserved 1099776K
  class space    used 7459K, capacity 7861K, committed 7976K, reserved 1048576K
}
Event: 6.097 GC heap before
{Heap before GC invocations=12 (full 3):
 PSYoungGen      total 342528K, used 19447K [0x000000076ba00000, 0x0000000788700000, 0x00000007c0000000)
  eden space 323072K, 0% used [0x000000076ba00000,0x000000076ba00000,0x000000077f580000)
  from space 19456K, 99% used [0x000000077f580000,0x000000078087dda0,0x0000000780880000)
  to   space 22528K, 0% used [0x0000000787100000,0x0000000787100000,0x0000000788700000)
 ParOldGen       total 137728K, used 22327K [0x00000006c2e00000, 0x00000006cb480000, 0x000000076ba00000)
  object space 137728K, 16% used [0x00000006c2e00000,0x00000006c43cdea0,0x00000006cb480000)
 Metaspace       used 56757K, capacity 59015K, committed 59160K, reserved 1099776K
  class space    used 7459K, capacity 7861K, committed 7976K, reserved 1048576K
Event: 6.285 GC heap after
Heap after GC invocations=12 (full 3):
 PSYoungGen      total 342528K, used 0K [0x000000076ba00000, 0x0000000788700000, 0x00000007c0000000)
  eden space 323072K, 0% used [0x000000076ba00000,0x000000076ba00000,0x000000077f580000)
  from space 19456K, 0% used [0x000000077f580000,0x000000077f580000,0x0000000780880000)
  to   space 22528K, 0% used [0x0000000787100000,0x0000000787100000,0x0000000788700000)
 ParOldGen       total 202752K, used 34946K [0x00000006c2e00000, 0x00000006cf400000, 0x000000076ba00000)
  object space 202752K, 17% used [0x00000006c2e00000,0x00000006c5020be0,0x00000006cf400000)
 Metaspace       used 56757K, capacity 59015K, committed 59160K, reserved 1099776K
  class space    used 7459K, capacity 7861K, committed 7976K, reserved 1048576K
}
Event: 16.711 GC heap before
{Heap before GC invocations=13 (full 3):
 PSYoungGen      total 342528K, used 323072K [0x000000076ba00000, 0x0000000788700000, 0x00000007c0000000)
  eden space 323072K, 100% used [0x000000076ba00000,0x000000077f580000,0x000000077f580000)
  from space 19456K, 0% used [0x000000077f580000,0x000000077f580000,0x0000000780880000)
  to   space 22528K, 0% used [0x0000000787100000,0x0000000787100000,0x0000000788700000)
 ParOldGen       total 202752K, used 34946K [0x00000006c2e00000, 0x00000006cf400000, 0x000000076ba00000)
  object space 202752K, 17% used [0x00000006c2e00000,0x00000006c5020be0,0x00000006cf400000)
 Metaspace       used 73629K, capacity 77441K, committed 77592K, reserved 1116160K
  class space    used 9525K, capacity 10166K, committed 10280K, reserved 1048576K
Event: 16.732 GC heap after
Heap after GC invocations=13 (full 3):
 PSYoungGen      total 409600K, used 22500K [0x000000076ba00000, 0x0000000788700000, 0x00000007c0000000)
  eden space 387072K, 0% used [0x000000076ba00000,0x000000076ba00000,0x0000000783400000)
  from space 22528K, 99% used [0x0000000787100000,0x00000007886f9018,0x0000000788700000)
  to   space 27648K, 0% used [0x0000000785100000,0x0000000785100000,0x0000000786c00000)
 ParOldGen       total 202752K, used 40522K [0x00000006c2e00000, 0x00000006cf400000, 0x000000076ba00000)
  object space 202752K, 19% used [0x00000006c2e00000,0x00000006c5592b38,0x00000006cf400000)
 Metaspace       used 73629K, capacity 77441K, committed 77592K, reserved 1116160K
  class space    used 9525K, capacity 10166K, committed 10280K, reserved 1048576K
}
Event: 105.282 GC heap before
{Heap before GC invocations=14 (full 3):
 PSYoungGen      total 409600K, used 409572K [0x000000076ba00000, 0x0000000788700000, 0x00000007c0000000)
  eden space 387072K, 100% used [0x000000076ba00000,0x0000000783400000,0x0000000783400000)
  from space 22528K, 99% used [0x0000000787100000,0x00000007886f9018,0x0000000788700000)
  to   space 27648K, 0% used [0x0000000785100000,0x0000000785100000,0x0000000786c00000)
 ParOldGen       total 202752K, used 40522K [0x00000006c2e00000, 0x00000006cf400000, 0x000000076ba00000)
  object space 202752K, 19% used [0x00000006c2e00000,0x00000006c5592b38,0x00000006cf400000)
 Metaspace       used 76580K, capacity 80367K, committed 80536K, reserved 1120256K
  class space    used 9762K, capacity 10381K, committed 10408K, reserved 1048576K
Event: 105.292 GC heap after
Heap after GC invocations=14 (full 3):
 PSYoungGen      total 444416K, used 3572K [0x000000076ba00000, 0x000000078a700000, 0x00000007c0000000)
  eden space 416768K, 0% used [0x000000076ba00000,0x000000076ba00000,0x0000000785100000)
  from space 27648K, 12% used [0x0000000785100000,0x000000078547d2a8,0x0000000786c00000)
  to   space 27648K, 0% used [0x0000000788c00000,0x0000000788c00000,0x000000078a700000)
 ParOldGen       total 202752K, used 56811K [0x00000006c2e00000, 0x00000006cf400000, 0x000000076ba00000)
  object space 202752K, 28% used [0x00000006c2e00000,0x00000006c657aee0,0x00000006cf400000)
 Metaspace       used 76580K, capacity 80367K, committed 80536K, reserved 1120256K
  class space    used 9762K, capacity 10381K, committed 10408K, reserved 1048576K
}

