# JRE version: Java(TM) SE Runtime Environment (8.0_111-b14) (build 1.8.0_111-b14)
# Java VM: Java HotSpot(TM) 64-Bit Server VM (25.111-b14 mixed mode windows-amd64 compressed oops)
Heap:
 PSYoungGen      total 619008K, used 222956K [0x00000000d5f00000, 0x00000000fed80000, 0x0000000100000000)
  eden space 571392K, 39% used [0x00000000d5f00000,0x00000000e38bb2c0,0x00000000f8d00000)
  from space 47616K, 0% used [0x00000000f8d00000,0x00000000f8d00000,0x00000000fbb80000)
  to   space 43520K, 0% used [0x00000000fbb80000,0x00000000fbb80000,0x00000000fe600000)
 ParOldGen       total 320000K, used 64039K [0x0000000081c00000, 0x0000000095480000, 0x00000000d5f00000)
  object space 320000K, 20% used [0x0000000081c00000,0x0000000085a89d10,0x0000000095480000)
 Metaspace       used 138229K, capacity 143416K, committed 144280K, reserved 1177600K
  class space    used 14458K, capacity 15337K, committed 15512K, reserved 1048576K
GC Heap History (10 events):
Event: 95348.336 GC heap before
{Heap before GC invocations=12152 (full 20):
 PSYoungGen      total 584192K, used 584176K [0x00000000d5f00000, 0x00000000fc580000, 0x0000000100000000)
  eden space 561152K, 100% used [0x00000000d5f00000,0x00000000f8300000,0x00000000f8300000)
  from space 23040K, 99% used [0x00000000f8300000,0x00000000f997c0f0,0x00000000f9980000)
  to   space 28672K, 0% used [0x00000000fa980000,0x00000000fa980000,0x00000000fc580000)
 ParOldGen       total 320000K, used 93140K [0x0000000081c00000, 0x0000000095480000, 0x00000000d5f00000)
  object space 320000K, 29% used [0x0000000081c00000,0x00000000876f51b0,0x0000000095480000)
 Metaspace       used 137144K, capacity 142476K, committed 142872K, reserved 1177600K
  class space    used 14359K, capacity 15253K, committed 15384K, reserved 1048576K
Event: 95348.385 GC heap after
Heap after GC invocations=12152 (full 20):
 PSYoungGen      total 590336K, used 28640K [0x00000000d5f00000, 0x00000000fde00000, 0x0000000100000000)
  eden space 561664K, 0% used [0x00000000d5f00000,0x00000000d5f00000,0x00000000f8380000)
  from space 28672K, 99% used [0x00000000fa980000,0x00000000fc578110,0x00000000fc580000)
  to   space 38912K, 0% used [0x00000000f8380000,0x00000000f8380000,0x00000000fa980000)
 ParOldGen       total 320000K, used 107245K [0x0000000081c00000, 0x0000000095480000, 0x00000000d5f00000)
  object space 320000K, 33% used [0x0000000081c00000,0x00000000884bb588,0x0000000095480000)
 Metaspace       used 137144K, capacity 142476K, committed 142872K, reserved 1177600K
  class space    used 14359K, capacity 15253K, committed 15384K, reserved 1048576K
}
Event: 95376.726 GC heap before
{Heap before GC invocations=12153 (full 20):
 PSYoungGen      total 590336K, used 590304K [0x00000000d5f00000, 0x00000000fde00000, 0x0000000100000000)
  eden space 561664K, 100% used [0x00000000d5f00000,0x00000000f8380000,0x00000000f8380000)
  from space 28672K, 99% used [0x00000000fa980000,0x00000000fc578110,0x00000000fc580000)
  to   space 38912K, 0% used [0x00000000f8380000,0x00000000f8380000,0x00000000fa980000)
 ParOldGen       total 320000K, used 107245K [0x0000000081c00000, 0x0000000095480000, 0x00000000d5f00000)
  object space 320000K, 33% used [0x0000000081c00000,0x00000000884bb588,0x0000000095480000)
 Metaspace       used 137144K, capacity 142476K, committed 142872K, reserved 1177600K
  class space    used 14359K, capacity 15253K, committed 15384K, reserved 1048576K
Event: 95376.751 GC heap after
Heap after GC invocations=12153 (full 20):
 PSYoungGen      total 600576K, used 32730K [0x00000000d5f00000, 0x00000000fe600000, 0x0000000100000000)
  eden space 561664K, 0% used [0x00000000d5f00000,0x00000000d5f00000,0x00000000f8380000)
  from space 38912K, 84% used [0x00000000f8380000,0x00000000fa376a50,0x00000000fa980000)
  to   space 43520K, 0% used [0x00000000fbb80000,0x00000000fbb80000,0x00000000fe600000)
 ParOldGen       total 320000K, used 107253K [0x0000000081c00000, 0x0000000095480000, 0x00000000d5f00000)
  object space 320000K, 33% used [0x0000000081c00000,0x00000000884bd588,0x0000000095480000)
 Metaspace       used 137144K, capacity 142476K, committed 142872K, reserved 1177600K
  class space    used 14359K, capacity 15253K, committed 15384K, reserved 1048576K
}
Event: 95405.447 GC heap before
{Heap before GC invocations=12154 (full 20):
 PSYoungGen      total 600576K, used 594394K [0x00000000d5f00000, 0x00000000fe600000, 0x0000000100000000)
  eden space 561664K, 100% used [0x00000000d5f00000,0x00000000f8380000,0x00000000f8380000)
  from space 38912K, 84% used [0x00000000f8380000,0x00000000fa376a50,0x00000000fa980000)
  to   space 43520K, 0% used [0x00000000fbb80000,0x00000000fbb80000,0x00000000fe600000)
 ParOldGen       total 320000K, used 107253K [0x0000000081c00000, 0x0000000095480000, 0x00000000d5f00000)
  object space 320000K, 33% used [0x0000000081c00000,0x00000000884bd588,0x0000000095480000)
 Metaspace       used 137144K, capacity 142476K, committed 142872K, reserved 1177600K
  class space    used 14359K, capacity 15253K, committed 15384K, reserved 1048576K
Event: 95405.476 GC heap after
Heap after GC invocations=12154 (full 20):
 PSYoungGen      total 614912K, used 32874K [0x00000000d5f00000, 0x00000000fed80000, 0x0000000100000000)
  eden space 571392K, 0% used [0x00000000d5f00000,0x00000000d5f00000,0x00000000f8d00000)
  from space 43520K, 75% used [0x00000000fbb80000,0x00000000fdb9aa80,0x00000000fe600000)
  to   space 47616K, 0% used [0x00000000f8d00000,0x00000000f8d00000,0x00000000fbb80000)
 ParOldGen       total 320000K, used 107253K [0x0000000081c00000, 0x0000000095480000, 0x00000000d5f00000)
  object space 320000K, 33% used [0x0000000081c00000,0x00000000884bd588,0x0000000095480000)
 Metaspace       used 137144K, capacity 142476K, committed 142872K, reserved 1177600K
  class space    used 14359K, capacity 15253K, committed 15384K, reserved 1048576K
}
Event: 95420.290 GC heap before
{Heap before GC invocations=12155 (full 20):
 PSYoungGen      total 614912K, used 309223K [0x00000000d5f00000, 0x00000000fed80000, 0x0000000100000000)
  eden space 571392K, 48% used [0x00000000d5f00000,0x00000000e6cdf3f8,0x00000000f8d00000)
  from space 43520K, 75% used [0x00000000fbb80000,0x00000000fdb9aa80,0x00000000fe600000)
  to   space 47616K, 0% used [0x00000000f8d00000,0x00000000f8d00000,0x00000000fbb80000)
 ParOldGen       total 320000K, used 107253K [0x0000000081c00000, 0x0000000095480000, 0x00000000d5f00000)
  object space 320000K, 33% used [0x0000000081c00000,0x00000000884bd588,0x0000000095480000)
 Metaspace       used 137148K, capacity 142482K, committed 142872K, reserved 1177600K
  class space    used 14359K, capacity 15255K, committed 15384K, reserved 1048576K
Event: 95420.318 GC heap after
Heap after GC invocations=12155 (full 20):
 PSYoungGen      total 619008K, used 36042K [0x00000000d5f00000, 0x00000000fed80000, 0x0000000100000000)
  eden space 571392K, 0% used [0x00000000d5f00000,0x00000000d5f00000,0x00000000f8d00000)
  from space 47616K, 75% used [0x00000000f8d00000,0x00000000fb032aa0,0x00000000fbb80000)
  to   space 43520K, 0% used [0x00000000fbb80000,0x00000000fbb80000,0x00000000fe600000)
 ParOldGen       total 320000K, used 107261K [0x0000000081c00000, 0x0000000095480000, 0x00000000d5f00000)
  object space 320000K, 33% used [0x0000000081c00000,0x00000000884bf588,0x0000000095480000)
 Metaspace       used 137148K, capacity 142482K, committed 142872K, reserved 1177600K
  class space    used 14359K, capacity 15255K, committed 15384K, reserved 1048576K
}
Event: 95420.318 GC heap before
{Heap before GC invocations=12156 (full 21):
 PSYoungGen      total 619008K, used 36042K [0x00000000d5f00000, 0x00000000fed80000, 0x0000000100000000)
  eden space 571392K, 0% used [0x00000000d5f00000,0x00000000d5f00000,0x00000000f8d00000)
  from space 47616K, 75% used [0x00000000f8d00000,0x00000000fb032aa0,0x00000000fbb80000)
  to   space 43520K, 0% used [0x00000000fbb80000,0x00000000fbb80000,0x00000000fe600000)
 ParOldGen       total 320000K, used 107261K [0x0000000081c00000, 0x0000000095480000, 0x00000000d5f00000)
  object space 320000K, 33% used [0x0000000081c00000,0x00000000884bf588,0x0000000095480000)
 Metaspace       used 137148K, capacity 142482K, committed 142872K, reserved 1177600K
  class space    used 14359K, capacity 15255K, committed 15384K, reserved 1048576K
Event: 95421.203 GC heap after
Heap after GC invocations=12156 (full 21):
 PSYoungGen      total 619008K, used 0K [0x00000000d5f00000, 0x00000000fed80000, 0x0000000100000000)
  eden space 571392K, 0% used [0x00000000d5f00000,0x00000000d5f00000,0x00000000f8d00000)
  from space 47616K, 0% used [0x00000000f8d00000,0x00000000f8d00000,0x00000000fbb80000)
  to   space 43520K, 0% used [0x00000000fbb80000,0x00000000fbb80000,0x00000000fe600000)
 ParOldGen       total 320000K, used 64039K [0x0000000081c00000, 0x0000000095480000, 0x00000000d5f00000)
  object space 320000K, 20% used [0x0000000081c00000,0x0000000085a89d10,0x0000000095480000)
 Metaspace       used 137006K, capacity 142110K, committed 142872K, reserved 1177600K
  class space    used 14325K, capacity 15190K, committed 15384K, reserved 1048576K
}

